{
  "RSpec": {
    "coverage": {
      "/Users/okpalm/dev/toodoly/config/environment.rb": [
        null,
        1,
        null,
        null,
        1
      ],
      "/Users/okpalm/dev/toodoly/config/application.rb": [
        1,
        null,
        1,
        null,
        1,
        1,
        1,
        1,
        1,
        1,
        1,
        1,
        null,
        null,
        null,
        null,
        1,
        null,
        1,
        1,
        null,
        1,
        null,
        null,
        null,
        null,
        null,
        null,
        1,
        null,
        null,
        1,
        1,
        1,
        1,
        null,
        null,
        null,
        null,
        null,
        1,
        null,
        null,
        null,
        1,
        null,
        null,
        1,
        1,
        null,
        null
      ],
      "/Users/okpalm/dev/toodoly/config/boot.rb": [
        1,
        null,
        1
      ],
      "/Users/okpalm/dev/toodoly/config/environments/test.rb": [
        1,
        null,
        null,
        null,
        null,
        null,
        null,
        1,
        null,
        null,
        null,
        null,
        1,
        null,
        null,
        1,
        1,
        null,
        null,
        null,
        null,
        1,
        1,
        null,
        null,
        1,
        null,
        null,
        1,
        1,
        null,
        null,
        null,
        null,
        1,
        null,
        null,
        1,
        null,
        null,
        null,
        null
      ],
      "/Users/okpalm/dev/toodoly/config/initializers/application_controller_renderer.rb": [
        null,
        null,
        null,
        null,
        null,
        null,
        null,
        null
      ],
      "/Users/okpalm/dev/toodoly/config/initializers/assets.rb": [
        null,
        null,
        null,
        1,
        null,
        null,
        null,
        null,
        1,
        null,
        null,
        null,
        null,
        null
      ],
      "/Users/okpalm/dev/toodoly/config/initializers/backtrace_silencers.rb": [
        null,
        null,
        null,
        null,
        null,
        null,
        null
      ],
      "/Users/okpalm/dev/toodoly/config/initializers/cookies_serializer.rb": [
        null,
        null,
        null,
        null,
        1
      ],
      "/Users/okpalm/dev/toodoly/config/initializers/filter_parameter_logging.rb": [
        null,
        null,
        null,
        1
      ],
      "/Users/okpalm/dev/toodoly/config/initializers/inflections.rb": [
        null,
        null,
        null,
        null,
        null,
        null,
        null,
        null,
        null,
        null,
        null,
        null,
        null,
        null,
        null,
        null
      ],
      "/Users/okpalm/dev/toodoly/config/initializers/mime_types.rb": [
        null,
        null,
        null,
        null
      ],
      "/Users/okpalm/dev/toodoly/config/initializers/wrap_parameters.rb": [
        null,
        null,
        null,
        null,
        null,
        null,
        1,
        2,
        null,
        null,
        null,
        null,
        null,
        null
      ],
      "/Users/okpalm/dev/toodoly/spec/factories/tasks.rb": [
        null,
        null,
        null,
        null,
        null,
        null,
        null,
        null,
        null,
        null,
        null,
        null,
        null,
        1,
        1,
        1,
        1,
        1,
        null,
        null
      ],
      "/Users/okpalm/dev/toodoly/config/routes.rb": [
        1,
        1,
        1,
        null
      ],
      "/Users/okpalm/dev/toodoly/app/helpers/application_helper.rb": [
        1,
        null
      ],
      "/Users/okpalm/dev/toodoly/app/controllers/tasks_controller.rb": [
        1,
        1,
        null,
        1,
        8,
        null,
        null,
        1,
        2,
        null,
        null,
        1,
        5,
        5,
        4,
        4,
        null,
        1,
        null,
        null,
        null,
        1,
        null,
        null,
        1,
        3,
        2,
        2,
        null,
        1,
        null,
        null,
        null,
        1,
        1,
        1,
        1,
        null,
        null,
        1,
        null,
        1,
        6,
        null,
        null,
        1,
        8,
        null,
        null
      ],
      "/Users/okpalm/dev/toodoly/app/controllers/application_controller.rb": [
        1,
        1,
        null
      ],
      "/Users/okpalm/dev/toodoly/spec/features/tasks_spec.rb": [
        1,
        null,
        1,
        1,
        1,
        1,
        3,
        null,
        null,
        null,
        1,
        1,
        1,
        1,
        null,
        null,
        null,
        1,
        1,
        null,
        1,
        1,
        null,
        1,
        1,
        1,
        1,
        null,
        null,
        1,
        1,
        1,
        1,
        1,
        null,
        null,
        1,
        null,
        1,
        null,
        1,
        null,
        1,
        1,
        null,
        1,
        1,
        null,
        null,
        1,
        1,
        1,
        null,
        1,
        null,
        1,
        null,
        1,
        null,
        null,
        1,
        null,
        1,
        null,
        null
      ],
      "/Users/okpalm/dev/toodoly/spec/models/task_spec.rb": [
        null,
        null,
        null,
        null,
        null,
        null,
        null,
        null,
        null,
        null,
        null,
        null,
        null,
        1,
        null,
        1,
        6,
        null,
        1,
        1,
        1,
        null,
        null,
        1,
        1,
        1,
        null,
        null,
        1,
        1,
        1,
        null,
        null,
        null,
        1,
        1,
        1,
        1,
        null,
        null,
        1,
        1,
        1,
        null,
        null,
        null,
        1,
        1,
        1,
        1,
        null,
        null,
        null
      ],
      "/Users/okpalm/dev/toodoly/app/models/task.rb": [
        null,
        null,
        null,
        null,
        null,
        null,
        null,
        null,
        null,
        null,
        null,
        null,
        null,
        1,
        1,
        null,
        1,
        null,
        1,
        1,
        null,
        9,
        null
      ],
      "/Users/okpalm/dev/toodoly/app/models/application_record.rb": [
        1,
        1,
        null
      ],
      "/Users/okpalm/dev/toodoly/app/models/concerns/flash_message.rb": [
        1,
        1,
        null,
        null,
        null,
        null,
        null,
        1,
        2,
        7,
        null,
        null,
        null
      ]
    },
    "timestamp": 1512116439
  }
}
